mode: set
github.com/Cameron-Kurotori/microservices-coding-challenge/proto/distqueue/distqueue.pb.go:35.29,37.29 2 1
github.com/Cameron-Kurotori/microservices-coding-challenge/proto/distqueue/distqueue.pb.go:37.29,41.3 3 1
github.com/Cameron-Kurotori/microservices-coding-challenge/proto/distqueue/distqueue.pb.go:44.37,46.2 1 1
github.com/Cameron-Kurotori/microservices-coding-challenge/proto/distqueue/distqueue.pb.go:48.35,48.36 0 0
github.com/Cameron-Kurotori/microservices-coding-challenge/proto/distqueue/distqueue.pb.go:50.57,52.41 2 1
github.com/Cameron-Kurotori/microservices-coding-challenge/proto/distqueue/distqueue.pb.go:59.2,59.24 1 1
github.com/Cameron-Kurotori/microservices-coding-challenge/proto/distqueue/distqueue.pb.go:52.41,54.34 2 1
github.com/Cameron-Kurotori/microservices-coding-challenge/proto/distqueue/distqueue.pb.go:57.3,57.12 1 1
github.com/Cameron-Kurotori/microservices-coding-challenge/proto/distqueue/distqueue.pb.go:54.34,56.4 1 1
github.com/Cameron-Kurotori/microservices-coding-challenge/proto/distqueue/distqueue.pb.go:63.48,65.2 1 0
github.com/Cameron-Kurotori/microservices-coding-challenge/proto/distqueue/distqueue.pb.go:67.42,68.14 1 0
github.com/Cameron-Kurotori/microservices-coding-challenge/proto/distqueue/distqueue.pb.go:71.2,71.12 1 0
github.com/Cameron-Kurotori/microservices-coding-challenge/proto/distqueue/distqueue.pb.go:68.14,70.3 1 0
github.com/Cameron-Kurotori/microservices-coding-challenge/proto/distqueue/distqueue.pb.go:84.35,86.29 2 1
github.com/Cameron-Kurotori/microservices-coding-challenge/proto/distqueue/distqueue.pb.go:86.29,90.3 3 1
github.com/Cameron-Kurotori/microservices-coding-challenge/proto/distqueue/distqueue.pb.go:93.43,95.2 1 0
github.com/Cameron-Kurotori/microservices-coding-challenge/proto/distqueue/distqueue.pb.go:97.41,97.42 0 0
github.com/Cameron-Kurotori/microservices-coding-challenge/proto/distqueue/distqueue.pb.go:99.63,101.41 2 1
github.com/Cameron-Kurotori/microservices-coding-challenge/proto/distqueue/distqueue.pb.go:108.2,108.24 1 0
github.com/Cameron-Kurotori/microservices-coding-challenge/proto/distqueue/distqueue.pb.go:101.41,103.34 2 1
github.com/Cameron-Kurotori/microservices-coding-challenge/proto/distqueue/distqueue.pb.go:106.3,106.12 1 1
github.com/Cameron-Kurotori/microservices-coding-challenge/proto/distqueue/distqueue.pb.go:103.34,105.4 1 1
github.com/Cameron-Kurotori/microservices-coding-challenge/proto/distqueue/distqueue.pb.go:112.54,114.2 1 0
github.com/Cameron-Kurotori/microservices-coding-challenge/proto/distqueue/distqueue.pb.go:116.48,117.14 1 0
github.com/Cameron-Kurotori/microservices-coding-challenge/proto/distqueue/distqueue.pb.go:120.2,120.12 1 0
github.com/Cameron-Kurotori/microservices-coding-challenge/proto/distqueue/distqueue.pb.go:117.14,119.3 1 0
github.com/Cameron-Kurotori/microservices-coding-challenge/proto/distqueue/distqueue.pb.go:123.62,124.14 1 0
github.com/Cameron-Kurotori/microservices-coding-challenge/proto/distqueue/distqueue.pb.go:127.2,127.12 1 0
github.com/Cameron-Kurotori/microservices-coding-challenge/proto/distqueue/distqueue.pb.go:124.14,126.3 1 0
github.com/Cameron-Kurotori/microservices-coding-challenge/proto/distqueue/distqueue.pb.go:130.58,131.14 1 0
github.com/Cameron-Kurotori/microservices-coding-challenge/proto/distqueue/distqueue.pb.go:134.2,134.12 1 0
github.com/Cameron-Kurotori/microservices-coding-challenge/proto/distqueue/distqueue.pb.go:131.14,133.3 1 0
github.com/Cameron-Kurotori/microservices-coding-challenge/proto/distqueue/distqueue.pb.go:174.48,175.45 1 0
github.com/Cameron-Kurotori/microservices-coding-challenge/proto/distqueue/distqueue.pb.go:178.2,178.41 1 0
github.com/Cameron-Kurotori/microservices-coding-challenge/proto/distqueue/distqueue.pb.go:175.45,177.3 1 0
github.com/Cameron-Kurotori/microservices-coding-challenge/proto/distqueue/distqueue.pb.go:202.13,202.44 1 1
github.com/Cameron-Kurotori/microservices-coding-challenge/proto/distqueue/distqueue.pb.go:203.34,204.33 1 1
github.com/Cameron-Kurotori/microservices-coding-challenge/proto/distqueue/distqueue.pb.go:207.2,207.30 1 1
github.com/Cameron-Kurotori/microservices-coding-challenge/proto/distqueue/distqueue.pb.go:233.2,250.36 6 1
github.com/Cameron-Kurotori/microservices-coding-challenge/proto/distqueue/distqueue.pb.go:204.33,206.3 1 0
github.com/Cameron-Kurotori/microservices-coding-challenge/proto/distqueue/distqueue.pb.go:207.30,208.86 1 0
github.com/Cameron-Kurotori/microservices-coding-challenge/proto/distqueue/distqueue.pb.go:220.3,220.86 1 0
github.com/Cameron-Kurotori/microservices-coding-challenge/proto/distqueue/distqueue.pb.go:208.86,209.34 1 0
github.com/Cameron-Kurotori/microservices-coding-challenge/proto/distqueue/distqueue.pb.go:210.11,211.20 1 0
github.com/Cameron-Kurotori/microservices-coding-challenge/proto/distqueue/distqueue.pb.go:212.11,213.24 1 0
github.com/Cameron-Kurotori/microservices-coding-challenge/proto/distqueue/distqueue.pb.go:214.11,215.28 1 0
github.com/Cameron-Kurotori/microservices-coding-challenge/proto/distqueue/distqueue.pb.go:216.12,217.15 1 0
github.com/Cameron-Kurotori/microservices-coding-challenge/proto/distqueue/distqueue.pb.go:220.86,221.40 1 0
github.com/Cameron-Kurotori/microservices-coding-challenge/proto/distqueue/distqueue.pb.go:222.11,223.20 1 0
github.com/Cameron-Kurotori/microservices-coding-challenge/proto/distqueue/distqueue.pb.go:224.11,225.24 1 0
github.com/Cameron-Kurotori/microservices-coding-challenge/proto/distqueue/distqueue.pb.go:226.11,227.28 1 0
github.com/Cameron-Kurotori/microservices-coding-challenge/proto/distqueue/distqueue.pb.go:228.12,229.15 1 0
github.com/Cameron-Kurotori/microservices-coding-challenge/proto/distqueue/distqueue_grpc.pb.go:31.98,33.2 1 1
github.com/Cameron-Kurotori/microservices-coding-challenge/proto/distqueue/distqueue_grpc.pb.go:35.136,37.16 2 1
github.com/Cameron-Kurotori/microservices-coding-challenge/proto/distqueue/distqueue_grpc.pb.go:40.2,41.15 2 1
github.com/Cameron-Kurotori/microservices-coding-challenge/proto/distqueue/distqueue_grpc.pb.go:37.16,39.3 1 0
github.com/Cameron-Kurotori/microservices-coding-challenge/proto/distqueue/distqueue_grpc.pb.go:54.70,56.2 1 1
github.com/Cameron-Kurotori/microservices-coding-challenge/proto/distqueue/distqueue_grpc.pb.go:58.78,60.50 2 1
github.com/Cameron-Kurotori/microservices-coding-challenge/proto/distqueue/distqueue_grpc.pb.go:63.2,63.15 1 1
github.com/Cameron-Kurotori/microservices-coding-challenge/proto/distqueue/distqueue_grpc.pb.go:60.50,62.3 1 1
github.com/Cameron-Kurotori/microservices-coding-challenge/proto/distqueue/distqueue_grpc.pb.go:81.98,83.2 1 0
github.com/Cameron-Kurotori/microservices-coding-challenge/proto/distqueue/distqueue_grpc.pb.go:84.106,85.2 0 0
github.com/Cameron-Kurotori/microservices-coding-challenge/proto/distqueue/distqueue_grpc.pb.go:94.104,96.2 1 1
github.com/Cameron-Kurotori/microservices-coding-challenge/proto/distqueue/distqueue_grpc.pb.go:98.93,100.2 1 1
github.com/Cameron-Kurotori/microservices-coding-challenge/proto/distqueue/distqueue_grpc.pb.go:112.76,114.2 1 1
github.com/Cameron-Kurotori/microservices-coding-challenge/proto/distqueue/distqueue_grpc.pb.go:116.72,118.50 2 1
github.com/Cameron-Kurotori/microservices-coding-challenge/proto/distqueue/distqueue_grpc.pb.go:121.2,121.15 1 1
github.com/Cameron-Kurotori/microservices-coding-challenge/proto/distqueue/distqueue_grpc.pb.go:118.50,120.3 1 1
github.com/Cameron-Kurotori/microservices-coding-challenge/client/queue.go:24.45,28.2 1 1
github.com/Cameron-Kurotori/microservices-coding-challenge/client/queue.go:32.34,33.9 1 1
github.com/Cameron-Kurotori/microservices-coding-challenge/client/queue.go:34.29,35.14 1 1
github.com/Cameron-Kurotori/microservices-coding-challenge/client/queue.go:36.10,37.13 1 1
github.com/Cameron-Kurotori/microservices-coding-challenge/client/queue.go:41.27,42.6 1 1
github.com/Cameron-Kurotori/microservices-coding-challenge/client/queue.go:42.6,43.10 1 1
github.com/Cameron-Kurotori/microservices-coding-challenge/client/queue.go:44.23,46.10 2 1
github.com/Cameron-Kurotori/microservices-coding-challenge/client/queue.go:47.11,49.50 2 1
github.com/Cameron-Kurotori/microservices-coding-challenge/client/queue.go:52.4,52.18 1 1
github.com/Cameron-Kurotori/microservices-coding-challenge/client/queue.go:60.4,60.39 1 1
github.com/Cameron-Kurotori/microservices-coding-challenge/client/queue.go:49.50,51.5 1 1
github.com/Cameron-Kurotori/microservices-coding-challenge/client/queue.go:52.18,53.22 1 1
github.com/Cameron-Kurotori/microservices-coding-challenge/client/queue.go:56.5,57.11 2 0
github.com/Cameron-Kurotori/microservices-coding-challenge/client/queue.go:53.22,54.14 1 1
github.com/Cameron-Kurotori/microservices-coding-challenge/client/queue.go:60.39,62.5 1 1
github.com/Cameron-Kurotori/microservices-coding-challenge/client/queue.go:62.10,64.5 1 0
github.com/Cameron-Kurotori/microservices-coding-challenge/client/queue.go:69.102,71.16 2 1
github.com/Cameron-Kurotori/microservices-coding-challenge/client/queue.go:75.2,76.19 2 1
github.com/Cameron-Kurotori/microservices-coding-challenge/client/queue.go:82.2,88.27 2 1
github.com/Cameron-Kurotori/microservices-coding-challenge/client/queue.go:93.2,95.23 2 1
github.com/Cameron-Kurotori/microservices-coding-challenge/client/queue.go:71.16,73.3 1 0
github.com/Cameron-Kurotori/microservices-coding-challenge/client/queue.go:76.19,80.3 3 1
github.com/Cameron-Kurotori/microservices-coding-challenge/client/queue.go:88.27,90.3 1 1
github.com/Cameron-Kurotori/microservices-coding-challenge/client/queue.go:102.84,104.16 2 1
github.com/Cameron-Kurotori/microservices-coding-challenge/client/queue.go:107.2,108.31 2 1
github.com/Cameron-Kurotori/microservices-coding-challenge/client/queue.go:104.16,106.3 1 0
github.com/Cameron-Kurotori/microservices-coding-challenge/client/queue_opts.go:17.59,18.33 1 1
github.com/Cameron-Kurotori/microservices-coding-challenge/client/queue_opts.go:18.33,20.3 1 1
github.com/Cameron-Kurotori/microservices-coding-challenge/client/queue_opts.go:36.42,38.2 1 0
github.com/Cameron-Kurotori/microservices-coding-challenge/client/queue_opts.go:43.38,45.94 2 1
github.com/Cameron-Kurotori/microservices-coding-challenge/client/queue_opts.go:45.94,46.41 1 1
github.com/Cameron-Kurotori/microservices-coding-challenge/client/queue_opts.go:54.3,54.18 1 1
github.com/Cameron-Kurotori/microservices-coding-challenge/client/queue_opts.go:57.3,57.19 1 1
github.com/Cameron-Kurotori/microservices-coding-challenge/client/queue_opts.go:46.41,47.54 1 1
github.com/Cameron-Kurotori/microservices-coding-challenge/client/queue_opts.go:47.54,52.5 1 0
github.com/Cameron-Kurotori/microservices-coding-challenge/client/queue_opts.go:54.18,56.4 1 1
github.com/Cameron-Kurotori/microservices-coding-challenge/server/server.go:26.33,27.6 1 1
github.com/Cameron-Kurotori/microservices-coding-challenge/server/server.go:27.6,28.10 1 1
github.com/Cameron-Kurotori/microservices-coding-challenge/server/server.go:29.23,30.14 1 1
github.com/Cameron-Kurotori/microservices-coding-challenge/server/server.go:31.25,33.18 2 1
github.com/Cameron-Kurotori/microservices-coding-challenge/server/server.go:33.18,34.22 1 0
github.com/Cameron-Kurotori/microservices-coding-challenge/server/server.go:37.5,37.15 1 0
github.com/Cameron-Kurotori/microservices-coding-challenge/server/server.go:34.22,36.6 1 0
github.com/Cameron-Kurotori/microservices-coding-challenge/server/server.go:52.46,58.2 3 1
github.com/Cameron-Kurotori/microservices-coding-challenge/server/server.go:60.96,70.12 5 1
github.com/Cameron-Kurotori/microservices-coding-challenge/server/server.go:77.2,80.23 4 1
github.com/Cameron-Kurotori/microservices-coding-challenge/server/server.go:88.2,90.12 2 1
github.com/Cameron-Kurotori/microservices-coding-challenge/server/server.go:97.2,97.18 1 1
github.com/Cameron-Kurotori/microservices-coding-challenge/server/server.go:70.12,72.17 2 1
github.com/Cameron-Kurotori/microservices-coding-challenge/server/server.go:72.17,74.4 1 0
github.com/Cameron-Kurotori/microservices-coding-challenge/server/server.go:80.23,86.3 5 1
github.com/Cameron-Kurotori/microservices-coding-challenge/server/server.go:90.12,92.17 2 1
github.com/Cameron-Kurotori/microservices-coding-challenge/server/server.go:95.3,95.17 1 1
github.com/Cameron-Kurotori/microservices-coding-challenge/server/server.go:92.17,94.4 1 0
github.com/Cameron-Kurotori/microservices-coding-challenge/server/server.go:100.64,114.40 8 1
github.com/Cameron-Kurotori/microservices-coding-challenge/server/server.go:114.40,116.3 1 1
github.com/Cameron-Kurotori/microservices-coding-challenge/server/server.go:124.70,125.6 1 1
github.com/Cameron-Kurotori/microservices-coding-challenge/server/server.go:125.6,127.17 2 1
github.com/Cameron-Kurotori/microservices-coding-challenge/server/server.go:134.3,135.20 2 1
github.com/Cameron-Kurotori/microservices-coding-challenge/server/server.go:127.17,128.21 1 1
github.com/Cameron-Kurotori/microservices-coding-challenge/server/server.go:131.4,132.14 2 0
github.com/Cameron-Kurotori/microservices-coding-challenge/server/server.go:128.21,130.5 1 1
github.com/Cameron-Kurotori/microservices-coding-challenge/server/server.go:148.19,153.2 2 1
