mode: set
github.com/Cameron-Kurotori/microservices-coding-challenge/distqueue/proto/distqueue/distqueue_grpc.pb.go:34.98,36.2 1 1
github.com/Cameron-Kurotori/microservices-coding-challenge/distqueue/proto/distqueue/distqueue_grpc.pb.go:38.142,40.16 2 1
github.com/Cameron-Kurotori/microservices-coding-challenge/distqueue/proto/distqueue/distqueue_grpc.pb.go:43.2,44.15 2 1
github.com/Cameron-Kurotori/microservices-coding-challenge/distqueue/proto/distqueue/distqueue_grpc.pb.go:40.16,42.3 1 0
github.com/Cameron-Kurotori/microservices-coding-challenge/distqueue/proto/distqueue/distqueue_grpc.pb.go:57.73,59.2 1 1
github.com/Cameron-Kurotori/microservices-coding-challenge/distqueue/proto/distqueue/distqueue_grpc.pb.go:61.81,63.50 2 1
github.com/Cameron-Kurotori/microservices-coding-challenge/distqueue/proto/distqueue/distqueue_grpc.pb.go:66.2,66.15 1 1
github.com/Cameron-Kurotori/microservices-coding-challenge/distqueue/proto/distqueue/distqueue_grpc.pb.go:63.50,65.3 1 1
github.com/Cameron-Kurotori/microservices-coding-challenge/distqueue/proto/distqueue/distqueue_grpc.pb.go:69.165,71.16 2 0
github.com/Cameron-Kurotori/microservices-coding-challenge/distqueue/proto/distqueue/distqueue_grpc.pb.go:74.2,75.51 2 0
github.com/Cameron-Kurotori/microservices-coding-challenge/distqueue/proto/distqueue/distqueue_grpc.pb.go:78.2,78.51 1 0
github.com/Cameron-Kurotori/microservices-coding-challenge/distqueue/proto/distqueue/distqueue_grpc.pb.go:81.2,81.15 1 0
github.com/Cameron-Kurotori/microservices-coding-challenge/distqueue/proto/distqueue/distqueue_grpc.pb.go:71.16,73.3 1 0
github.com/Cameron-Kurotori/microservices-coding-challenge/distqueue/proto/distqueue/distqueue_grpc.pb.go:75.51,77.3 1 0
github.com/Cameron-Kurotori/microservices-coding-challenge/distqueue/proto/distqueue/distqueue_grpc.pb.go:78.51,80.3 1 0
github.com/Cameron-Kurotori/microservices-coding-challenge/distqueue/proto/distqueue/distqueue_grpc.pb.go:93.82,95.50 2 0
github.com/Cameron-Kurotori/microservices-coding-challenge/distqueue/proto/distqueue/distqueue_grpc.pb.go:98.2,98.15 1 0
github.com/Cameron-Kurotori/microservices-coding-challenge/distqueue/proto/distqueue/distqueue_grpc.pb.go:95.50,97.3 1 0
github.com/Cameron-Kurotori/microservices-coding-challenge/distqueue/proto/distqueue/distqueue_grpc.pb.go:119.104,121.2 1 0
github.com/Cameron-Kurotori/microservices-coding-challenge/distqueue/proto/distqueue/distqueue_grpc.pb.go:122.124,124.2 1 0
github.com/Cameron-Kurotori/microservices-coding-challenge/distqueue/proto/distqueue/distqueue_grpc.pb.go:125.106,126.2 0 0
github.com/Cameron-Kurotori/microservices-coding-challenge/distqueue/proto/distqueue/distqueue_grpc.pb.go:135.104,137.2 1 1
github.com/Cameron-Kurotori/microservices-coding-challenge/distqueue/proto/distqueue/distqueue_grpc.pb.go:139.96,141.2 1 1
github.com/Cameron-Kurotori/microservices-coding-challenge/distqueue/proto/distqueue/distqueue_grpc.pb.go:153.79,155.2 1 1
github.com/Cameron-Kurotori/microservices-coding-challenge/distqueue/proto/distqueue/distqueue_grpc.pb.go:157.75,159.50 2 1
github.com/Cameron-Kurotori/microservices-coding-challenge/distqueue/proto/distqueue/distqueue_grpc.pb.go:162.2,162.15 1 1
github.com/Cameron-Kurotori/microservices-coding-challenge/distqueue/proto/distqueue/distqueue_grpc.pb.go:159.50,161.3 1 1
github.com/Cameron-Kurotori/microservices-coding-challenge/distqueue/proto/distqueue/distqueue_grpc.pb.go:165.97,167.42 2 0
github.com/Cameron-Kurotori/microservices-coding-challenge/distqueue/proto/distqueue/distqueue_grpc.pb.go:170.2,170.104 1 0
github.com/Cameron-Kurotori/microservices-coding-challenge/distqueue/proto/distqueue/distqueue_grpc.pb.go:167.42,169.3 1 0
github.com/Cameron-Kurotori/microservices-coding-challenge/distqueue/proto/distqueue/distqueue_grpc.pb.go:182.80,184.2 1 0
github.com/Cameron-Kurotori/microservices-coding-challenge/distqueue/client/queue.go:32.45,36.2 1 1
github.com/Cameron-Kurotori/microservices-coding-challenge/distqueue/client/queue.go:40.34,41.9 1 1
github.com/Cameron-Kurotori/microservices-coding-challenge/distqueue/client/queue.go:42.29,43.14 1 1
github.com/Cameron-Kurotori/microservices-coding-challenge/distqueue/client/queue.go:44.10,45.13 1 1
github.com/Cameron-Kurotori/microservices-coding-challenge/distqueue/client/queue.go:49.82,50.48 1 1
github.com/Cameron-Kurotori/microservices-coding-challenge/distqueue/client/queue.go:53.2,53.16 1 1
github.com/Cameron-Kurotori/microservices-coding-challenge/distqueue/client/queue.go:57.2,57.37 1 1
github.com/Cameron-Kurotori/microservices-coding-challenge/distqueue/client/queue.go:62.2,62.12 1 1
github.com/Cameron-Kurotori/microservices-coding-challenge/distqueue/client/queue.go:50.48,52.3 1 1
github.com/Cameron-Kurotori/microservices-coding-challenge/distqueue/client/queue.go:53.16,55.3 1 1
github.com/Cameron-Kurotori/microservices-coding-challenge/distqueue/client/queue.go:57.37,59.3 1 1
github.com/Cameron-Kurotori/microservices-coding-challenge/distqueue/client/queue.go:59.8,61.3 1 0
github.com/Cameron-Kurotori/microservices-coding-challenge/distqueue/client/queue.go:65.33,67.30 2 1
github.com/Cameron-Kurotori/microservices-coding-challenge/distqueue/client/queue.go:80.2,80.6 1 1
github.com/Cameron-Kurotori/microservices-coding-challenge/distqueue/client/queue.go:67.30,68.29 1 0
github.com/Cameron-Kurotori/microservices-coding-challenge/distqueue/client/queue.go:71.3,71.43 1 0
github.com/Cameron-Kurotori/microservices-coding-challenge/distqueue/client/queue.go:68.29,70.4 1 0
github.com/Cameron-Kurotori/microservices-coding-challenge/distqueue/client/queue.go:71.43,73.18 2 0
github.com/Cameron-Kurotori/microservices-coding-challenge/distqueue/client/queue.go:76.4,77.16 2 0
github.com/Cameron-Kurotori/microservices-coding-challenge/distqueue/client/queue.go:73.18,75.5 1 0
github.com/Cameron-Kurotori/microservices-coding-challenge/distqueue/client/queue.go:80.6,81.10 1 1
github.com/Cameron-Kurotori/microservices-coding-challenge/distqueue/client/queue.go:82.23,83.14 1 0
github.com/Cameron-Kurotori/microservices-coding-challenge/distqueue/client/queue.go:84.11,86.35 2 1
github.com/Cameron-Kurotori/microservices-coding-challenge/distqueue/client/queue.go:93.4,94.18 2 1
github.com/Cameron-Kurotori/microservices-coding-challenge/distqueue/client/queue.go:86.35,88.41 1 0
github.com/Cameron-Kurotori/microservices-coding-challenge/distqueue/client/queue.go:91.5,91.17 1 0
github.com/Cameron-Kurotori/microservices-coding-challenge/distqueue/client/queue.go:88.41,89.14 1 0
github.com/Cameron-Kurotori/microservices-coding-challenge/distqueue/client/queue.go:94.18,95.22 1 1
github.com/Cameron-Kurotori/microservices-coding-challenge/distqueue/client/queue.go:98.5,98.15 1 0
github.com/Cameron-Kurotori/microservices-coding-challenge/distqueue/client/queue.go:95.22,97.6 1 1
github.com/Cameron-Kurotori/microservices-coding-challenge/distqueue/client/queue.go:105.85,106.26 1 1
github.com/Cameron-Kurotori/microservices-coding-challenge/distqueue/client/queue.go:110.2,111.30 2 0
github.com/Cameron-Kurotori/microservices-coding-challenge/distqueue/client/queue.go:114.2,115.16 2 0
github.com/Cameron-Kurotori/microservices-coding-challenge/distqueue/client/queue.go:119.2,121.12 2 0
github.com/Cameron-Kurotori/microservices-coding-challenge/distqueue/client/queue.go:135.2,135.12 1 0
github.com/Cameron-Kurotori/microservices-coding-challenge/distqueue/client/queue.go:106.26,108.3 1 1
github.com/Cameron-Kurotori/microservices-coding-challenge/distqueue/client/queue.go:111.30,113.3 1 0
github.com/Cameron-Kurotori/microservices-coding-challenge/distqueue/client/queue.go:115.16,117.3 1 0
github.com/Cameron-Kurotori/microservices-coding-challenge/distqueue/client/queue.go:121.12,123.7 2 0
github.com/Cameron-Kurotori/microservices-coding-challenge/distqueue/client/queue.go:123.7,125.18 2 0
github.com/Cameron-Kurotori/microservices-coding-challenge/distqueue/client/queue.go:131.4,131.29 1 0
github.com/Cameron-Kurotori/microservices-coding-challenge/distqueue/client/queue.go:125.18,126.22 1 0
github.com/Cameron-Kurotori/microservices-coding-challenge/distqueue/client/queue.go:129.5,129.11 1 0
github.com/Cameron-Kurotori/microservices-coding-challenge/distqueue/client/queue.go:126.22,128.6 1 0
github.com/Cameron-Kurotori/microservices-coding-challenge/distqueue/client/queue.go:138.94,140.16 2 1
github.com/Cameron-Kurotori/microservices-coding-challenge/distqueue/client/queue.go:143.2,145.19 3 1
github.com/Cameron-Kurotori/microservices-coding-challenge/distqueue/client/queue.go:152.2,159.27 2 1
github.com/Cameron-Kurotori/microservices-coding-challenge/distqueue/client/queue.go:162.2,163.16 2 1
github.com/Cameron-Kurotori/microservices-coding-challenge/distqueue/client/queue.go:168.2,171.12 3 1
github.com/Cameron-Kurotori/microservices-coding-challenge/distqueue/client/queue.go:179.2,179.15 1 1
github.com/Cameron-Kurotori/microservices-coding-challenge/distqueue/client/queue.go:140.16,142.3 1 0
github.com/Cameron-Kurotori/microservices-coding-challenge/distqueue/client/queue.go:145.19,150.3 4 1
github.com/Cameron-Kurotori/microservices-coding-challenge/distqueue/client/queue.go:159.27,161.3 1 1
github.com/Cameron-Kurotori/microservices-coding-challenge/distqueue/client/queue.go:163.16,166.3 2 0
github.com/Cameron-Kurotori/microservices-coding-challenge/distqueue/client/queue.go:171.12,173.17 2 1
github.com/Cameron-Kurotori/microservices-coding-challenge/distqueue/client/queue.go:176.3,176.24 1 1
github.com/Cameron-Kurotori/microservices-coding-challenge/distqueue/client/queue.go:173.17,175.4 1 0
github.com/Cameron-Kurotori/microservices-coding-challenge/distqueue/client/queue.go:187.69,189.16 2 1
github.com/Cameron-Kurotori/microservices-coding-challenge/distqueue/client/queue.go:192.2,193.31 2 1
github.com/Cameron-Kurotori/microservices-coding-challenge/distqueue/client/queue.go:189.16,191.3 1 0
github.com/Cameron-Kurotori/microservices-coding-challenge/distqueue/client/queue_opts.go:13.43,14.24 1 0
github.com/Cameron-Kurotori/microservices-coding-challenge/distqueue/client/queue_opts.go:14.24,17.3 2 0
github.com/Cameron-Kurotori/microservices-coding-challenge/distqueue/client/queue_opts.go:24.59,25.33 1 1
github.com/Cameron-Kurotori/microservices-coding-challenge/distqueue/client/queue_opts.go:25.33,27.3 1 1
github.com/Cameron-Kurotori/microservices-coding-challenge/distqueue/client/queue_opts.go:43.42,45.2 1 0
github.com/Cameron-Kurotori/microservices-coding-challenge/distqueue/client/queue_opts.go:50.38,52.94 2 1
github.com/Cameron-Kurotori/microservices-coding-challenge/distqueue/client/queue_opts.go:52.94,53.41 1 1
github.com/Cameron-Kurotori/microservices-coding-challenge/distqueue/client/queue_opts.go:61.3,61.18 1 1
github.com/Cameron-Kurotori/microservices-coding-challenge/distqueue/client/queue_opts.go:64.3,64.19 1 1
github.com/Cameron-Kurotori/microservices-coding-challenge/distqueue/client/queue_opts.go:53.41,54.54 1 1
github.com/Cameron-Kurotori/microservices-coding-challenge/distqueue/client/queue_opts.go:54.54,59.5 1 0
github.com/Cameron-Kurotori/microservices-coding-challenge/distqueue/client/queue_opts.go:61.18,63.4 1 1
github.com/Cameron-Kurotori/microservices-coding-challenge/distqueue/server/server.go:29.33,30.6 1 1
github.com/Cameron-Kurotori/microservices-coding-challenge/distqueue/server/server.go:30.6,31.10 1 1
github.com/Cameron-Kurotori/microservices-coding-challenge/distqueue/server/server.go:32.23,33.14 1 1
github.com/Cameron-Kurotori/microservices-coding-challenge/distqueue/server/server.go:34.25,36.18 2 1
github.com/Cameron-Kurotori/microservices-coding-challenge/distqueue/server/server.go:36.18,37.22 1 0
github.com/Cameron-Kurotori/microservices-coding-challenge/distqueue/server/server.go:40.5,40.15 1 0
github.com/Cameron-Kurotori/microservices-coding-challenge/distqueue/server/server.go:37.22,39.6 1 0
github.com/Cameron-Kurotori/microservices-coding-challenge/distqueue/server/server.go:54.46,60.2 3 1
github.com/Cameron-Kurotori/microservices-coding-challenge/distqueue/server/server.go:62.140,67.108 4 0
github.com/Cameron-Kurotori/microservices-coding-challenge/distqueue/server/server.go:71.2,71.27 1 0
github.com/Cameron-Kurotori/microservices-coding-challenge/distqueue/server/server.go:78.2,78.26 1 0
github.com/Cameron-Kurotori/microservices-coding-challenge/distqueue/server/server.go:84.2,85.46 2 0
github.com/Cameron-Kurotori/microservices-coding-challenge/distqueue/server/server.go:88.2,91.31 3 0
github.com/Cameron-Kurotori/microservices-coding-challenge/distqueue/server/server.go:96.2,96.12 1 0
github.com/Cameron-Kurotori/microservices-coding-challenge/distqueue/server/server.go:67.108,69.3 1 0
github.com/Cameron-Kurotori/microservices-coding-challenge/distqueue/server/server.go:71.27,72.43 1 0
github.com/Cameron-Kurotori/microservices-coding-challenge/distqueue/server/server.go:75.3,75.31 1 0
github.com/Cameron-Kurotori/microservices-coding-challenge/distqueue/server/server.go:72.43,74.4 1 0
github.com/Cameron-Kurotori/microservices-coding-challenge/distqueue/server/server.go:78.26,79.45 1 0
github.com/Cameron-Kurotori/microservices-coding-challenge/distqueue/server/server.go:79.45,81.4 1 0
github.com/Cameron-Kurotori/microservices-coding-challenge/distqueue/server/server.go:85.46,87.3 1 0
github.com/Cameron-Kurotori/microservices-coding-challenge/distqueue/server/server.go:91.31,92.43 1 0
github.com/Cameron-Kurotori/microservices-coding-challenge/distqueue/server/server.go:92.43,94.4 1 0
github.com/Cameron-Kurotori/microservices-coding-challenge/distqueue/server/server.go:100.102,110.12 5 1
github.com/Cameron-Kurotori/microservices-coding-challenge/distqueue/server/server.go:117.2,120.23 4 1
github.com/Cameron-Kurotori/microservices-coding-challenge/distqueue/server/server.go:128.2,130.12 2 1
github.com/Cameron-Kurotori/microservices-coding-challenge/distqueue/server/server.go:137.2,137.18 1 1
github.com/Cameron-Kurotori/microservices-coding-challenge/distqueue/server/server.go:110.12,112.17 2 1
github.com/Cameron-Kurotori/microservices-coding-challenge/distqueue/server/server.go:112.17,114.4 1 0
github.com/Cameron-Kurotori/microservices-coding-challenge/distqueue/server/server.go:120.23,126.3 5 1
github.com/Cameron-Kurotori/microservices-coding-challenge/distqueue/server/server.go:130.12,132.17 2 1
github.com/Cameron-Kurotori/microservices-coding-challenge/distqueue/server/server.go:135.3,135.17 1 1
github.com/Cameron-Kurotori/microservices-coding-challenge/distqueue/server/server.go:132.17,134.4 1 0
github.com/Cameron-Kurotori/microservices-coding-challenge/distqueue/server/server.go:140.64,154.40 8 1
github.com/Cameron-Kurotori/microservices-coding-challenge/distqueue/server/server.go:154.40,156.3 1 1
github.com/Cameron-Kurotori/microservices-coding-challenge/distqueue/server/server.go:164.70,165.6 1 1
github.com/Cameron-Kurotori/microservices-coding-challenge/distqueue/server/server.go:165.6,167.17 2 1
github.com/Cameron-Kurotori/microservices-coding-challenge/distqueue/server/server.go:174.3,175.20 2 1
github.com/Cameron-Kurotori/microservices-coding-challenge/distqueue/server/server.go:167.17,168.21 1 1
github.com/Cameron-Kurotori/microservices-coding-challenge/distqueue/server/server.go:171.4,172.14 2 0
github.com/Cameron-Kurotori/microservices-coding-challenge/distqueue/server/server.go:168.21,170.5 1 1
github.com/Cameron-Kurotori/microservices-coding-challenge/distqueue/server/server.go:193.56,195.2 1 1
github.com/Cameron-Kurotori/microservices-coding-challenge/distqueue/server/server.go:201.112,203.2 1 1
github.com/Cameron-Kurotori/microservices-coding-challenge/distqueue/server/server.go:206.150,208.2 1 0
github.com/Cameron-Kurotori/microservices-coding-challenge/distqueue/server/server.go:210.19,217.2 2 1
github.com/Cameron-Kurotori/microservices-coding-challenge/distqueue/proto/distqueue/distqueue.pb.go:35.29,37.29 2 1
github.com/Cameron-Kurotori/microservices-coding-challenge/distqueue/proto/distqueue/distqueue.pb.go:37.29,41.3 3 1
github.com/Cameron-Kurotori/microservices-coding-challenge/distqueue/proto/distqueue/distqueue.pb.go:44.37,46.2 1 1
github.com/Cameron-Kurotori/microservices-coding-challenge/distqueue/proto/distqueue/distqueue.pb.go:48.35,48.36 0 0
github.com/Cameron-Kurotori/microservices-coding-challenge/distqueue/proto/distqueue/distqueue.pb.go:50.57,52.41 2 1
github.com/Cameron-Kurotori/microservices-coding-challenge/distqueue/proto/distqueue/distqueue.pb.go:59.2,59.24 1 1
github.com/Cameron-Kurotori/microservices-coding-challenge/distqueue/proto/distqueue/distqueue.pb.go:52.41,54.34 2 1
github.com/Cameron-Kurotori/microservices-coding-challenge/distqueue/proto/distqueue/distqueue.pb.go:57.3,57.12 1 1
github.com/Cameron-Kurotori/microservices-coding-challenge/distqueue/proto/distqueue/distqueue.pb.go:54.34,56.4 1 1
github.com/Cameron-Kurotori/microservices-coding-challenge/distqueue/proto/distqueue/distqueue.pb.go:63.48,65.2 1 0
github.com/Cameron-Kurotori/microservices-coding-challenge/distqueue/proto/distqueue/distqueue.pb.go:67.42,68.14 1 0
github.com/Cameron-Kurotori/microservices-coding-challenge/distqueue/proto/distqueue/distqueue.pb.go:71.2,71.12 1 0
github.com/Cameron-Kurotori/microservices-coding-challenge/distqueue/proto/distqueue/distqueue.pb.go:68.14,70.3 1 0
github.com/Cameron-Kurotori/microservices-coding-challenge/distqueue/proto/distqueue/distqueue.pb.go:84.35,86.29 2 1
github.com/Cameron-Kurotori/microservices-coding-challenge/distqueue/proto/distqueue/distqueue.pb.go:86.29,90.3 3 1
github.com/Cameron-Kurotori/microservices-coding-challenge/distqueue/proto/distqueue/distqueue.pb.go:93.43,95.2 1 0
github.com/Cameron-Kurotori/microservices-coding-challenge/distqueue/proto/distqueue/distqueue.pb.go:97.41,97.42 0 0
github.com/Cameron-Kurotori/microservices-coding-challenge/distqueue/proto/distqueue/distqueue.pb.go:99.63,101.41 2 1
github.com/Cameron-Kurotori/microservices-coding-challenge/distqueue/proto/distqueue/distqueue.pb.go:108.2,108.24 1 0
github.com/Cameron-Kurotori/microservices-coding-challenge/distqueue/proto/distqueue/distqueue.pb.go:101.41,103.34 2 1
github.com/Cameron-Kurotori/microservices-coding-challenge/distqueue/proto/distqueue/distqueue.pb.go:106.3,106.12 1 1
github.com/Cameron-Kurotori/microservices-coding-challenge/distqueue/proto/distqueue/distqueue.pb.go:103.34,105.4 1 1
github.com/Cameron-Kurotori/microservices-coding-challenge/distqueue/proto/distqueue/distqueue.pb.go:112.54,114.2 1 0
github.com/Cameron-Kurotori/microservices-coding-challenge/distqueue/proto/distqueue/distqueue.pb.go:116.48,117.14 1 0
github.com/Cameron-Kurotori/microservices-coding-challenge/distqueue/proto/distqueue/distqueue.pb.go:120.2,120.12 1 0
github.com/Cameron-Kurotori/microservices-coding-challenge/distqueue/proto/distqueue/distqueue.pb.go:117.14,119.3 1 0
github.com/Cameron-Kurotori/microservices-coding-challenge/distqueue/proto/distqueue/distqueue.pb.go:123.62,124.14 1 0
github.com/Cameron-Kurotori/microservices-coding-challenge/distqueue/proto/distqueue/distqueue.pb.go:127.2,127.12 1 0
github.com/Cameron-Kurotori/microservices-coding-challenge/distqueue/proto/distqueue/distqueue.pb.go:124.14,126.3 1 0
github.com/Cameron-Kurotori/microservices-coding-challenge/distqueue/proto/distqueue/distqueue.pb.go:130.58,131.14 1 0
github.com/Cameron-Kurotori/microservices-coding-challenge/distqueue/proto/distqueue/distqueue.pb.go:134.2,134.12 1 0
github.com/Cameron-Kurotori/microservices-coding-challenge/distqueue/proto/distqueue/distqueue.pb.go:131.14,133.3 1 0
github.com/Cameron-Kurotori/microservices-coding-challenge/distqueue/proto/distqueue/distqueue.pb.go:146.35,148.29 2 0
github.com/Cameron-Kurotori/microservices-coding-challenge/distqueue/proto/distqueue/distqueue.pb.go:148.29,152.3 3 0
github.com/Cameron-Kurotori/microservices-coding-challenge/distqueue/proto/distqueue/distqueue.pb.go:155.43,157.2 1 0
github.com/Cameron-Kurotori/microservices-coding-challenge/distqueue/proto/distqueue/distqueue.pb.go:159.41,159.42 0 0
github.com/Cameron-Kurotori/microservices-coding-challenge/distqueue/proto/distqueue/distqueue.pb.go:161.63,163.41 2 0
github.com/Cameron-Kurotori/microservices-coding-challenge/distqueue/proto/distqueue/distqueue.pb.go:170.2,170.24 1 0
github.com/Cameron-Kurotori/microservices-coding-challenge/distqueue/proto/distqueue/distqueue.pb.go:163.41,165.34 2 0
github.com/Cameron-Kurotori/microservices-coding-challenge/distqueue/proto/distqueue/distqueue.pb.go:168.3,168.12 1 0
github.com/Cameron-Kurotori/microservices-coding-challenge/distqueue/proto/distqueue/distqueue.pb.go:165.34,167.4 1 0
github.com/Cameron-Kurotori/microservices-coding-challenge/distqueue/proto/distqueue/distqueue.pb.go:174.54,176.2 1 0
github.com/Cameron-Kurotori/microservices-coding-challenge/distqueue/proto/distqueue/distqueue.pb.go:178.61,179.14 1 0
github.com/Cameron-Kurotori/microservices-coding-challenge/distqueue/proto/distqueue/distqueue.pb.go:182.2,182.12 1 0
github.com/Cameron-Kurotori/microservices-coding-challenge/distqueue/proto/distqueue/distqueue.pb.go:179.14,181.3 1 0
github.com/Cameron-Kurotori/microservices-coding-challenge/distqueue/proto/distqueue/distqueue.pb.go:185.62,186.14 1 0
github.com/Cameron-Kurotori/microservices-coding-challenge/distqueue/proto/distqueue/distqueue.pb.go:189.2,189.12 1 0
github.com/Cameron-Kurotori/microservices-coding-challenge/distqueue/proto/distqueue/distqueue.pb.go:186.14,188.3 1 0
github.com/Cameron-Kurotori/microservices-coding-challenge/distqueue/proto/distqueue/distqueue.pb.go:241.48,242.45 1 0
github.com/Cameron-Kurotori/microservices-coding-challenge/distqueue/proto/distqueue/distqueue.pb.go:245.2,245.41 1 0
github.com/Cameron-Kurotori/microservices-coding-challenge/distqueue/proto/distqueue/distqueue.pb.go:242.45,244.3 1 0
github.com/Cameron-Kurotori/microservices-coding-challenge/distqueue/proto/distqueue/distqueue.pb.go:274.13,274.44 1 1
github.com/Cameron-Kurotori/microservices-coding-challenge/distqueue/proto/distqueue/distqueue.pb.go:275.34,276.33 1 1
github.com/Cameron-Kurotori/microservices-coding-challenge/distqueue/proto/distqueue/distqueue.pb.go:279.2,279.30 1 1
github.com/Cameron-Kurotori/microservices-coding-challenge/distqueue/proto/distqueue/distqueue.pb.go:317.2,334.36 6 1
github.com/Cameron-Kurotori/microservices-coding-challenge/distqueue/proto/distqueue/distqueue.pb.go:276.33,278.3 1 0
github.com/Cameron-Kurotori/microservices-coding-challenge/distqueue/proto/distqueue/distqueue.pb.go:279.30,280.86 1 0
github.com/Cameron-Kurotori/microservices-coding-challenge/distqueue/proto/distqueue/distqueue.pb.go:292.3,292.86 1 0
github.com/Cameron-Kurotori/microservices-coding-challenge/distqueue/proto/distqueue/distqueue.pb.go:304.3,304.86 1 0
github.com/Cameron-Kurotori/microservices-coding-challenge/distqueue/proto/distqueue/distqueue.pb.go:280.86,281.34 1 0
github.com/Cameron-Kurotori/microservices-coding-challenge/distqueue/proto/distqueue/distqueue.pb.go:282.11,283.20 1 0
github.com/Cameron-Kurotori/microservices-coding-challenge/distqueue/proto/distqueue/distqueue.pb.go:284.11,285.24 1 0
github.com/Cameron-Kurotori/microservices-coding-challenge/distqueue/proto/distqueue/distqueue.pb.go:286.11,287.28 1 0
github.com/Cameron-Kurotori/microservices-coding-challenge/distqueue/proto/distqueue/distqueue.pb.go:288.12,289.15 1 0
github.com/Cameron-Kurotori/microservices-coding-challenge/distqueue/proto/distqueue/distqueue.pb.go:292.86,293.40 1 0
github.com/Cameron-Kurotori/microservices-coding-challenge/distqueue/proto/distqueue/distqueue.pb.go:294.11,295.20 1 0
github.com/Cameron-Kurotori/microservices-coding-challenge/distqueue/proto/distqueue/distqueue.pb.go:296.11,297.24 1 0
github.com/Cameron-Kurotori/microservices-coding-challenge/distqueue/proto/distqueue/distqueue.pb.go:298.11,299.28 1 0
github.com/Cameron-Kurotori/microservices-coding-challenge/distqueue/proto/distqueue/distqueue.pb.go:300.12,301.15 1 0
github.com/Cameron-Kurotori/microservices-coding-challenge/distqueue/proto/distqueue/distqueue.pb.go:304.86,305.40 1 0
github.com/Cameron-Kurotori/microservices-coding-challenge/distqueue/proto/distqueue/distqueue.pb.go:306.11,307.20 1 0
github.com/Cameron-Kurotori/microservices-coding-challenge/distqueue/proto/distqueue/distqueue.pb.go:308.11,309.24 1 0
github.com/Cameron-Kurotori/microservices-coding-challenge/distqueue/proto/distqueue/distqueue.pb.go:310.11,311.28 1 0
github.com/Cameron-Kurotori/microservices-coding-challenge/distqueue/proto/distqueue/distqueue.pb.go:312.12,313.15 1 0
